2023-06-06 17:45:00,625 INFO    StreamThr :27392 [internal.py:wandb_internal():86] W&B internal server running at pid: 27392, started at: 2023-06-06 17:45:00.625068
2023-06-06 17:45:00,626 DEBUG   HandlerThread:27392 [handler.py:handle_request():144] handle_request: status
2023-06-06 17:45:00,630 INFO    WriterThread:27392 [datastore.py:open_for_write():85] open: C:\Users\Emil WC\Bachelor\RL-SC2-bot\wandb\run-20230606_174500-isizu5d3\run-isizu5d3.wandb
2023-06-06 17:45:00,630 DEBUG   SenderThread:27392 [sender.py:send():375] send: header
2023-06-06 17:45:00,695 DEBUG   SenderThread:27392 [sender.py:send():375] send: run
2023-06-06 17:45:01,321 DEBUG   HandlerThread:27392 [handler.py:handle_request():144] handle_request: check_version
2023-06-06 17:45:01,323 INFO    SenderThread:27392 [dir_watcher.py:__init__():219] watching files in: C:\Users\Emil WC\Bachelor\RL-SC2-bot\wandb\run-20230606_174500-isizu5d3\files
2023-06-06 17:45:01,323 INFO    SenderThread:27392 [sender.py:_start_run_threads():1124] run started: isizu5d3 with start time 1686066300.627062
2023-06-06 17:45:01,323 DEBUG   SenderThread:27392 [sender.py:send_request():402] send_request: summary_record
2023-06-06 17:45:01,324 INFO    SenderThread:27392 [sender.py:_save_file():1378] saving file wandb-summary.json with policy end
2023-06-06 17:45:01,324 DEBUG   SenderThread:27392 [sender.py:send_request():402] send_request: check_version
2023-06-06 17:45:01,556 DEBUG   HandlerThread:27392 [handler.py:handle_request():144] handle_request: run_start
2023-06-06 17:45:01,578 DEBUG   HandlerThread:27392 [system_info.py:__init__():31] System info init
2023-06-06 17:45:01,578 DEBUG   HandlerThread:27392 [system_info.py:__init__():46] System info init done
2023-06-06 17:45:01,578 INFO    HandlerThread:27392 [system_monitor.py:start():181] Starting system monitor
2023-06-06 17:45:01,579 INFO    SystemMonitor:27392 [system_monitor.py:_start():145] Starting system asset monitoring threads
2023-06-06 17:45:01,579 INFO    HandlerThread:27392 [system_monitor.py:probe():201] Collecting system info
2023-06-06 17:45:01,586 INFO    SystemMonitor:27392 [interfaces.py:start():190] Started cpu monitoring
2023-06-06 17:45:01,586 INFO    SystemMonitor:27392 [interfaces.py:start():190] Started disk monitoring
2023-06-06 17:45:01,587 INFO    SystemMonitor:27392 [interfaces.py:start():190] Started gpu monitoring
2023-06-06 17:45:01,592 INFO    SystemMonitor:27392 [interfaces.py:start():190] Started memory monitoring
2023-06-06 17:45:01,607 INFO    SystemMonitor:27392 [interfaces.py:start():190] Started network monitoring
2023-06-06 17:45:01,611 DEBUG   HandlerThread:27392 [system_info.py:probe():195] Probing system
2023-06-06 17:45:01,612 DEBUG   HandlerThread:27392 [system_info.py:_probe_git():180] Probing git
2023-06-06 17:45:01,701 DEBUG   HandlerThread:27392 [system_info.py:_probe_git():188] Probing git done
2023-06-06 17:45:01,701 DEBUG   HandlerThread:27392 [system_info.py:probe():240] Probing system done
2023-06-06 17:45:01,701 DEBUG   HandlerThread:27392 [system_monitor.py:probe():210] {'os': 'Windows-10-10.0.22621-SP0', 'python': '3.10.10', 'heartbeatAt': '2023-06-06T15:45:01.611549', 'startedAt': '2023-06-06T15:45:00.615122', 'docker': None, 'cuda': None, 'args': (), 'state': 'running', 'program': 'c:\\Users\\Emil WC\\Bachelor\\RL-SC2-bot\\QueueEnv.py', 'codePath': 'QueueEnv.py', 'git': {'remote': 'https://github.com/AlienLime/RL-SC2-bot.git', 'commit': '124926afff6f6a506bd1dc5ff310a27dd1cbff9d'}, 'email': 'emil@np12.dk', 'root': 'C:/Users/Emil WC/Bachelor/RL-SC2-bot', 'host': 'DESKTOP-C36C3C6', 'username': 'Emil WC', 'executable': 'C:\\Users\\Emil WC\\AppData\\Local\\Programs\\Python\\Python310\\python.exe', 'cpu_count': 8, 'cpu_count_logical': 16, 'cpu_freq': {'current': 2904.0, 'min': 0.0, 'max': 2904.0}, 'cpu_freq_per_core': [{'current': 2904.0, 'min': 0.0, 'max': 2904.0}], 'disk': {'total': 930.5849571228027, 'used': 668.4285125732422}, 'gpu': 'NVIDIA GeForce GTX 1660 SUPER', 'gpu_count': 1, 'gpu_devices': [{'name': 'NVIDIA GeForce GTX 1660 SUPER', 'memory_total': 6442450944}], 'memory': {'total': 15.856761932373047}}
2023-06-06 17:45:01,701 INFO    HandlerThread:27392 [system_monitor.py:probe():211] Finished collecting system info
2023-06-06 17:45:01,701 INFO    HandlerThread:27392 [system_monitor.py:probe():214] Publishing system info
2023-06-06 17:45:01,701 DEBUG   HandlerThread:27392 [system_info.py:_save_pip():51] Saving list of pip packages installed into the current environment
2023-06-06 17:45:01,702 DEBUG   HandlerThread:27392 [system_info.py:_save_pip():67] Saving pip packages done
2023-06-06 17:45:01,703 INFO    HandlerThread:27392 [system_monitor.py:probe():216] Finished publishing system info
2023-06-06 17:45:01,710 DEBUG   SenderThread:27392 [sender.py:send():375] send: files
2023-06-06 17:45:01,710 INFO    SenderThread:27392 [sender.py:_save_file():1378] saving file wandb-metadata.json with policy now
2023-06-06 17:45:01,715 DEBUG   HandlerThread:27392 [handler.py:handle_request():144] handle_request: stop_status
2023-06-06 17:45:01,715 DEBUG   SenderThread:27392 [sender.py:send_request():402] send_request: stop_status
2023-06-06 17:45:02,013 DEBUG   SenderThread:27392 [sender.py:send():375] send: telemetry
2023-06-06 17:45:02,331 INFO    Thread-18 :27392 [dir_watcher.py:_on_file_created():278] file/dir created: C:\Users\Emil WC\Bachelor\RL-SC2-bot\wandb\run-20230606_174500-isizu5d3\files\wandb-summary.json
2023-06-06 17:45:02,331 INFO    Thread-18 :27392 [dir_watcher.py:_on_file_created():278] file/dir created: C:\Users\Emil WC\Bachelor\RL-SC2-bot\wandb\run-20230606_174500-isizu5d3\files\requirements.txt
2023-06-06 17:45:02,331 INFO    Thread-18 :27392 [dir_watcher.py:_on_file_created():278] file/dir created: C:\Users\Emil WC\Bachelor\RL-SC2-bot\wandb\run-20230606_174500-isizu5d3\files\wandb-metadata.json
2023-06-06 17:45:03,961 INFO    wandb-upload_0:27392 [upload_job.py:push():137] Uploaded file C:\Users\EMILWC~1\AppData\Local\Temp\tmp4opnm3fjwandb\eu39rlft-wandb-metadata.json
2023-06-06 17:45:04,332 INFO    Thread-18 :27392 [dir_watcher.py:_on_file_created():278] file/dir created: C:\Users\Emil WC\Bachelor\RL-SC2-bot\wandb\run-20230606_174500-isizu5d3\files\output.log
2023-06-06 17:45:05,932 DEBUG   HandlerThread:27392 [handler.py:handle_request():144] handle_request: status_report
2023-06-06 17:45:06,350 INFO    Thread-18 :27392 [dir_watcher.py:_on_file_modified():295] file/dir modified: C:\Users\Emil WC\Bachelor\RL-SC2-bot\wandb\run-20230606_174500-isizu5d3\files\output.log
2023-06-06 17:45:11,080 DEBUG   HandlerThread:27392 [handler.py:handle_request():144] handle_request: status_report
2023-06-06 17:45:12,412 INFO    Thread-18 :27392 [dir_watcher.py:_on_file_modified():295] file/dir modified: C:\Users\Emil WC\Bachelor\RL-SC2-bot\wandb\run-20230606_174500-isizu5d3\files\output.log
2023-06-06 17:45:16,440 INFO    Thread-18 :27392 [dir_watcher.py:_on_file_modified():295] file/dir modified: C:\Users\Emil WC\Bachelor\RL-SC2-bot\wandb\run-20230606_174500-isizu5d3\files\output.log
2023-06-06 17:45:16,722 DEBUG   HandlerThread:27392 [handler.py:handle_request():144] handle_request: status_report
2023-06-06 17:45:16,722 DEBUG   HandlerThread:27392 [handler.py:handle_request():144] handle_request: stop_status
2023-06-06 17:45:16,722 DEBUG   SenderThread:27392 [sender.py:send_request():402] send_request: stop_status
2023-06-06 17:45:22,055 DEBUG   HandlerThread:27392 [handler.py:handle_request():144] handle_request: status_report
2023-06-06 17:45:22,489 INFO    Thread-18 :27392 [dir_watcher.py:_on_file_modified():295] file/dir modified: C:\Users\Emil WC\Bachelor\RL-SC2-bot\wandb\run-20230606_174500-isizu5d3\files\output.log
2023-06-06 17:45:26,531 INFO    Thread-18 :27392 [dir_watcher.py:_on_file_modified():295] file/dir modified: C:\Users\Emil WC\Bachelor\RL-SC2-bot\wandb\run-20230606_174500-isizu5d3\files\output.log
2023-06-06 17:45:27,649 DEBUG   HandlerThread:27392 [handler.py:handle_request():144] handle_request: status_report
2023-06-06 17:45:28,548 INFO    Thread-18 :27392 [dir_watcher.py:_on_file_modified():295] file/dir modified: C:\Users\Emil WC\Bachelor\RL-SC2-bot\wandb\run-20230606_174500-isizu5d3\files\output.log
2023-06-06 17:45:31,722 DEBUG   HandlerThread:27392 [handler.py:handle_request():144] handle_request: stop_status
2023-06-06 17:45:31,722 DEBUG   SenderThread:27392 [sender.py:send_request():402] send_request: stop_status
2023-06-06 17:45:32,593 INFO    Thread-18 :27392 [dir_watcher.py:_on_file_modified():295] file/dir modified: C:\Users\Emil WC\Bachelor\RL-SC2-bot\wandb\run-20230606_174500-isizu5d3\files\output.log
2023-06-06 17:45:36,767 DEBUG   HandlerThread:27392 [handler.py:handle_request():144] handle_request: keepalive
2023-06-06 17:45:41,807 DEBUG   HandlerThread:27392 [handler.py:handle_request():144] handle_request: keepalive
2023-06-06 17:45:46,850 DEBUG   HandlerThread:27392 [handler.py:handle_request():144] handle_request: keepalive
2023-06-06 17:45:51,241 WARNING FileStreamThread:27392 [file_stream.py:request_with_retry():670] requests_with_retry encountered retryable exception: ('Connection aborted.', RemoteDisconnected('Remote end closed connection without response')). func: <bound method Session.post of <requests.sessions.Session object at 0x0000018B7F597FD0>>, args: ('https://api.wandb.ai/files/armybot/RL-SC2-bot/isizu5d3/file_stream',), kwargs: {'json': {'files': {'output.log': {'offset': 13, 'content': ['2023-06-06T15:45:32.160208 \x1b[36m(RolloutWorker pid=18328)\x1b[39m 2023-06-06 17:45:30.886 | INFO     | sc2.protocol:_execute:72 - Client status changed to Status.in_game (was None)\n', '2023-06-06T15:45:32.160208 \x1b[36m(RolloutWorker pid=18328)\x1b[39m 2023-06-06 17:45:30.886 | INFO     | sc2.main:_play_game:221 - Player 1 - Bot ArmyBot(Terran)\n', '2023-06-06T15:45:32.160208 \x1b[36m(RolloutWorker pid=18328)\x1b[39m 2023-06-06 17:45:31.555 | INFO     | sc2.protocol:_execute:72 - Client status changed to Status.launched (was None)\n', '2023-06-06T15:45:32.160208 \x1b[36m(RolloutWorker pid=18328)\x1b[39m 2023-06-06 17:45:31.555 | INFO     | sc2.controller:create_game:37 - Creating new game\n', '2023-06-06T15:45:32.160208 \x1b[36m(RolloutWorker pid=18328)\x1b[39m 2023-06-06 17:45:31.556 | INFO     | sc2.controller:create_game:38 - Map:     TrainingMapResource\n', '2023-06-06T15:45:32.160208 \x1b[36m(RolloutWorker pid=18328)\x1b[39m 2023-06-06 17:45:31.556 | INFO     | sc2.controller:create_game:39 - Players: Bot ArmyBot(Terran), Computer Hard(Zerg, RandomBuild)\n', '2023-06-06T15:45:32.160208 \x1b[36m(RolloutWorker pid=18328)\x1b[39m 2023-06-06 17:45:31.557 | INFO     | sc2.protocol:_execute:72 - Client status changed to Status.init_game (was Status.launched)\n']}}, 'dropped': 0}}
2023-06-06 17:45:51,894 DEBUG   HandlerThread:27392 [handler.py:handle_request():144] handle_request: keepalive
2023-06-06 17:45:56,937 DEBUG   HandlerThread:27392 [handler.py:handle_request():144] handle_request: keepalive
2023-06-06 17:46:01,623 DEBUG   SystemMonitor:27392 [system_monitor.py:_start():159] Starting system metrics aggregation loop
2023-06-06 17:46:01,963 DEBUG   HandlerThread:27392 [handler.py:handle_request():144] handle_request: keepalive
2023-06-06 17:46:05,059 INFO    SenderThread:27392 [retry.py:__call__():172] Retry attempt failed:
Traceback (most recent call last):
  File "C:\Users\Emil WC\AppData\Local\Programs\Python\Python310\lib\site-packages\urllib3\connection.py", line 174, in _new_conn
    conn = connection.create_connection(
  File "C:\Users\Emil WC\AppData\Local\Programs\Python\Python310\lib\site-packages\urllib3\util\connection.py", line 95, in create_connection
    raise err
  File "C:\Users\Emil WC\AppData\Local\Programs\Python\Python310\lib\site-packages\urllib3\util\connection.py", line 85, in create_connection
    sock.connect(sa)
TimeoutError: timed out

During handling of the above exception, another exception occurred:

Traceback (most recent call last):
  File "C:\Users\Emil WC\AppData\Local\Programs\Python\Python310\lib\site-packages\urllib3\connectionpool.py", line 714, in urlopen
    httplib_response = self._make_request(
  File "C:\Users\Emil WC\AppData\Local\Programs\Python\Python310\lib\site-packages\urllib3\connectionpool.py", line 403, in _make_request
    self._validate_conn(conn)
  File "C:\Users\Emil WC\AppData\Local\Programs\Python\Python310\lib\site-packages\urllib3\connectionpool.py", line 1053, in _validate_conn
    conn.connect()
  File "C:\Users\Emil WC\AppData\Local\Programs\Python\Python310\lib\site-packages\urllib3\connection.py", line 363, in connect
    self.sock = conn = self._new_conn()
  File "C:\Users\Emil WC\AppData\Local\Programs\Python\Python310\lib\site-packages\urllib3\connection.py", line 179, in _new_conn
    raise ConnectTimeoutError(
urllib3.exceptions.ConnectTimeoutError: (<urllib3.connection.HTTPSConnection object at 0x0000018B7F703CA0>, 'Connection to api.wandb.ai timed out. (connect timeout=10)')

During handling of the above exception, another exception occurred:

Traceback (most recent call last):
  File "C:\Users\Emil WC\AppData\Local\Programs\Python\Python310\lib\site-packages\requests\adapters.py", line 486, in send
    resp = conn.urlopen(
  File "C:\Users\Emil WC\AppData\Local\Programs\Python\Python310\lib\site-packages\urllib3\connectionpool.py", line 798, in urlopen
    retries = retries.increment(
  File "C:\Users\Emil WC\AppData\Local\Programs\Python\Python310\lib\site-packages\urllib3\util\retry.py", line 592, in increment
    raise MaxRetryError(_pool, url, error or ResponseError(cause))
urllib3.exceptions.MaxRetryError: HTTPSConnectionPool(host='api.wandb.ai', port=443): Max retries exceeded with url: /graphql (Caused by ConnectTimeoutError(<urllib3.connection.HTTPSConnection object at 0x0000018B7F703CA0>, 'Connection to api.wandb.ai timed out. (connect timeout=10)'))

During handling of the above exception, another exception occurred:

Traceback (most recent call last):
  File "C:\Users\Emil WC\AppData\Local\Programs\Python\Python310\lib\site-packages\wandb\sdk\lib\retry.py", line 131, in __call__
    result = self._call_fn(*args, **kwargs)
  File "C:\Users\Emil WC\AppData\Local\Programs\Python\Python310\lib\site-packages\wandb\sdk\internal\internal_api.py", line 285, in execute
    return self.client.execute(*args, **kwargs)  # type: ignore
  File "C:\Users\Emil WC\AppData\Local\Programs\Python\Python310\lib\site-packages\wandb\vendor\gql-0.2.0\wandb_gql\client.py", line 52, in execute
    result = self._get_result(document, *args, **kwargs)
  File "C:\Users\Emil WC\AppData\Local\Programs\Python\Python310\lib\site-packages\wandb\vendor\gql-0.2.0\wandb_gql\client.py", line 60, in _get_result
    return self.transport.execute(document, *args, **kwargs)
  File "C:\Users\Emil WC\AppData\Local\Programs\Python\Python310\lib\site-packages\wandb\sdk\lib\gql_request.py", line 55, in execute
    request = self.session.post(self.url, **post_args)
  File "C:\Users\Emil WC\AppData\Local\Programs\Python\Python310\lib\site-packages\requests\sessions.py", line 637, in post
    return self.request("POST", url, data=data, json=json, **kwargs)
  File "C:\Users\Emil WC\AppData\Local\Programs\Python\Python310\lib\site-packages\requests\sessions.py", line 589, in request
    resp = self.send(prep, **send_kwargs)
  File "C:\Users\Emil WC\AppData\Local\Programs\Python\Python310\lib\site-packages\requests\sessions.py", line 703, in send
    r = adapter.send(request, **kwargs)
  File "C:\Users\Emil WC\AppData\Local\Programs\Python\Python310\lib\site-packages\requests\adapters.py", line 507, in send
    raise ConnectTimeout(e, request=request)
requests.exceptions.ConnectTimeout: HTTPSConnectionPool(host='api.wandb.ai', port=443): Max retries exceeded with url: /graphql (Caused by ConnectTimeoutError(<urllib3.connection.HTTPSConnection object at 0x0000018B7F703CA0>, 'Connection to api.wandb.ai timed out. (connect timeout=10)'))
2023-06-06 17:46:06,992 DEBUG   HandlerThread:27392 [handler.py:handle_request():144] handle_request: keepalive
2023-06-06 17:46:12,025 DEBUG   HandlerThread:27392 [handler.py:handle_request():144] handle_request: keepalive
2023-06-06 17:46:14,675 WARNING FileStreamThread:27392 [file_stream.py:request_with_retry():670] requests_with_retry encountered retryable exception: HTTPSConnectionPool(host='api.wandb.ai', port=443): Max retries exceeded with url: /files/armybot/RL-SC2-bot/isizu5d3/file_stream (Caused by ConnectTimeoutError(<urllib3.connection.HTTPSConnection object at 0x0000018B7F703640>, 'Connection to api.wandb.ai timed out. (connect timeout=None)')). func: <bound method Session.post of <requests.sessions.Session object at 0x0000018B7F597FD0>>, args: ('https://api.wandb.ai/files/armybot/RL-SC2-bot/isizu5d3/file_stream',), kwargs: {'json': {'files': {'output.log': {'offset': 13, 'content': ['2023-06-06T15:45:32.160208 \x1b[36m(RolloutWorker pid=18328)\x1b[39m 2023-06-06 17:45:30.886 | INFO     | sc2.protocol:_execute:72 - Client status changed to Status.in_game (was None)\n', '2023-06-06T15:45:32.160208 \x1b[36m(RolloutWorker pid=18328)\x1b[39m 2023-06-06 17:45:30.886 | INFO     | sc2.main:_play_game:221 - Player 1 - Bot ArmyBot(Terran)\n', '2023-06-06T15:45:32.160208 \x1b[36m(RolloutWorker pid=18328)\x1b[39m 2023-06-06 17:45:31.555 | INFO     | sc2.protocol:_execute:72 - Client status changed to Status.launched (was None)\n', '2023-06-06T15:45:32.160208 \x1b[36m(RolloutWorker pid=18328)\x1b[39m 2023-06-06 17:45:31.555 | INFO     | sc2.controller:create_game:37 - Creating new game\n', '2023-06-06T15:45:32.160208 \x1b[36m(RolloutWorker pid=18328)\x1b[39m 2023-06-06 17:45:31.556 | INFO     | sc2.controller:create_game:38 - Map:     TrainingMapResource\n', '2023-06-06T15:45:32.160208 \x1b[36m(RolloutWorker pid=18328)\x1b[39m 2023-06-06 17:45:31.556 | INFO     | sc2.controller:create_game:39 - Players: Bot ArmyBot(Terran), Computer Hard(Zerg, RandomBuild)\n', '2023-06-06T15:45:32.160208 \x1b[36m(RolloutWorker pid=18328)\x1b[39m 2023-06-06 17:45:31.557 | INFO     | sc2.protocol:_execute:72 - Client status changed to Status.init_game (was Status.launched)\n']}}, 'dropped': 0}}
2023-06-06 17:46:17,059 DEBUG   HandlerThread:27392 [handler.py:handle_request():144] handle_request: keepalive
2023-06-06 17:46:17,994 DEBUG   HandlerThread:27392 [handler.py:handle_request():144] handle_request: status_report
2023-06-06 17:46:18,282 DEBUG   SenderThread:27392 [sender.py:send():375] send: stats
2023-06-06 17:46:18,939 INFO    Thread-18 :27392 [dir_watcher.py:_on_file_modified():295] file/dir modified: C:\Users\Emil WC\Bachelor\RL-SC2-bot\wandb\run-20230606_174500-isizu5d3\files\config.yaml
2023-06-06 17:46:20,957 INFO    Thread-18 :27392 [dir_watcher.py:_on_file_modified():295] file/dir modified: C:\Users\Emil WC\Bachelor\RL-SC2-bot\wandb\run-20230606_174500-isizu5d3\files\output.log
2023-06-06 17:46:22,107 DEBUG   HandlerThread:27392 [handler.py:handle_request():144] handle_request: keepalive
2023-06-06 17:46:23,333 DEBUG   HandlerThread:27392 [handler.py:handle_request():144] handle_request: status_report
2023-06-06 17:46:25,000 INFO    Thread-18 :27392 [dir_watcher.py:_on_file_modified():295] file/dir modified: C:\Users\Emil WC\Bachelor\RL-SC2-bot\wandb\run-20230606_174500-isizu5d3\files\output.log
2023-06-06 17:46:27,165 DEBUG   HandlerThread:27392 [handler.py:handle_request():144] handle_request: keepalive
2023-06-06 17:46:28,087 DEBUG   SenderThread:27392 [sender.py:send():375] send: exit
2023-06-06 17:46:28,087 INFO    SenderThread:27392 [sender.py:send_exit():598] handling exit code: 1
2023-06-06 17:46:28,087 INFO    SenderThread:27392 [sender.py:send_exit():600] handling runtime: 86
2023-06-06 17:46:28,088 INFO    SenderThread:27392 [sender.py:_save_file():1378] saving file wandb-summary.json with policy end
2023-06-06 17:46:28,088 INFO    SenderThread:27392 [sender.py:send_exit():606] send defer
2023-06-06 17:46:28,088 DEBUG   HandlerThread:27392 [handler.py:handle_request():144] handle_request: defer
2023-06-06 17:46:28,088 INFO    HandlerThread:27392 [handler.py:handle_request_defer():170] handle defer: 0
2023-06-06 17:46:28,088 DEBUG   SenderThread:27392 [sender.py:send_request():402] send_request: defer
2023-06-06 17:46:28,088 INFO    SenderThread:27392 [sender.py:send_request_defer():622] handle sender defer: 0
2023-06-06 17:46:28,088 INFO    SenderThread:27392 [sender.py:transition_state():626] send defer: 1
2023-06-06 17:46:28,089 DEBUG   HandlerThread:27392 [handler.py:handle_request():144] handle_request: defer
2023-06-06 17:46:28,089 INFO    HandlerThread:27392 [handler.py:handle_request_defer():170] handle defer: 1
2023-06-06 17:46:28,089 DEBUG   SenderThread:27392 [sender.py:send_request():402] send_request: defer
2023-06-06 17:46:28,089 INFO    SenderThread:27392 [sender.py:send_request_defer():622] handle sender defer: 1
2023-06-06 17:46:28,089 INFO    SenderThread:27392 [sender.py:transition_state():626] send defer: 2
2023-06-06 17:46:28,089 DEBUG   HandlerThread:27392 [handler.py:handle_request():144] handle_request: defer
2023-06-06 17:46:28,089 INFO    HandlerThread:27392 [handler.py:handle_request_defer():170] handle defer: 2
2023-06-06 17:46:28,089 INFO    HandlerThread:27392 [system_monitor.py:finish():190] Stopping system monitor
2023-06-06 17:46:28,089 DEBUG   SystemMonitor:27392 [system_monitor.py:_start():166] Finished system metrics aggregation loop
2023-06-06 17:46:28,089 INFO    HandlerThread:27392 [interfaces.py:finish():202] Joined cpu monitor
2023-06-06 17:46:28,098 DEBUG   SystemMonitor:27392 [system_monitor.py:_start():170] Publishing last batch of metrics
2023-06-06 17:46:28,098 INFO    HandlerThread:27392 [interfaces.py:finish():202] Joined disk monitor
2023-06-06 17:46:28,153 INFO    HandlerThread:27392 [interfaces.py:finish():202] Joined gpu monitor
2023-06-06 17:46:28,153 INFO    HandlerThread:27392 [interfaces.py:finish():202] Joined memory monitor
2023-06-06 17:46:28,154 INFO    HandlerThread:27392 [interfaces.py:finish():202] Joined network monitor
2023-06-06 17:46:28,154 DEBUG   SenderThread:27392 [sender.py:send_request():402] send_request: defer
2023-06-06 17:46:28,154 INFO    SenderThread:27392 [sender.py:send_request_defer():622] handle sender defer: 2
2023-06-06 17:46:28,154 INFO    SenderThread:27392 [sender.py:transition_state():626] send defer: 3
2023-06-06 17:46:28,154 DEBUG   SenderThread:27392 [sender.py:send():375] send: stats
2023-06-06 17:46:28,154 DEBUG   HandlerThread:27392 [handler.py:handle_request():144] handle_request: defer
2023-06-06 17:46:28,154 INFO    HandlerThread:27392 [handler.py:handle_request_defer():170] handle defer: 3
2023-06-06 17:46:28,155 DEBUG   SenderThread:27392 [sender.py:send_request():402] send_request: defer
2023-06-06 17:46:28,155 INFO    SenderThread:27392 [sender.py:send_request_defer():622] handle sender defer: 3
2023-06-06 17:46:28,155 INFO    SenderThread:27392 [sender.py:transition_state():626] send defer: 4
2023-06-06 17:46:28,155 DEBUG   HandlerThread:27392 [handler.py:handle_request():144] handle_request: defer
2023-06-06 17:46:28,155 INFO    HandlerThread:27392 [handler.py:handle_request_defer():170] handle defer: 4
2023-06-06 17:46:28,155 DEBUG   SenderThread:27392 [sender.py:send_request():402] send_request: defer
2023-06-06 17:46:28,155 INFO    SenderThread:27392 [sender.py:send_request_defer():622] handle sender defer: 4
2023-06-06 17:46:28,155 INFO    SenderThread:27392 [sender.py:transition_state():626] send defer: 5
2023-06-06 17:46:28,155 DEBUG   HandlerThread:27392 [handler.py:handle_request():144] handle_request: defer
2023-06-06 17:46:28,155 INFO    HandlerThread:27392 [handler.py:handle_request_defer():170] handle defer: 5
2023-06-06 17:46:28,156 DEBUG   SenderThread:27392 [sender.py:send():375] send: summary
2023-06-06 17:46:28,156 INFO    SenderThread:27392 [sender.py:_save_file():1378] saving file wandb-summary.json with policy end
2023-06-06 17:46:28,156 DEBUG   SenderThread:27392 [sender.py:send_request():402] send_request: defer
2023-06-06 17:46:28,156 INFO    SenderThread:27392 [sender.py:send_request_defer():622] handle sender defer: 5
2023-06-06 17:46:28,156 INFO    SenderThread:27392 [sender.py:transition_state():626] send defer: 6
2023-06-06 17:46:28,156 DEBUG   HandlerThread:27392 [handler.py:handle_request():144] handle_request: defer
2023-06-06 17:46:28,156 INFO    HandlerThread:27392 [handler.py:handle_request_defer():170] handle defer: 6
2023-06-06 17:46:28,157 DEBUG   SenderThread:27392 [sender.py:send_request():402] send_request: defer
2023-06-06 17:46:28,157 INFO    SenderThread:27392 [sender.py:send_request_defer():622] handle sender defer: 6
2023-06-06 17:46:28,157 INFO    SenderThread:27392 [sender.py:transition_state():626] send defer: 7
2023-06-06 17:46:28,157 DEBUG   HandlerThread:27392 [handler.py:handle_request():144] handle_request: status_report
2023-06-06 17:46:28,157 DEBUG   HandlerThread:27392 [handler.py:handle_request():144] handle_request: defer
2023-06-06 17:46:28,157 INFO    HandlerThread:27392 [handler.py:handle_request_defer():170] handle defer: 7
2023-06-06 17:46:28,157 DEBUG   SenderThread:27392 [sender.py:send_request():402] send_request: defer
2023-06-06 17:46:28,157 INFO    SenderThread:27392 [sender.py:send_request_defer():622] handle sender defer: 7
2023-06-06 17:46:29,046 INFO    Thread-18 :27392 [dir_watcher.py:_on_file_modified():295] file/dir modified: C:\Users\Emil WC\Bachelor\RL-SC2-bot\wandb\run-20230606_174500-isizu5d3\files\wandb-summary.json
2023-06-06 17:46:29,047 INFO    Thread-18 :27392 [dir_watcher.py:_on_file_modified():295] file/dir modified: C:\Users\Emil WC\Bachelor\RL-SC2-bot\wandb\run-20230606_174500-isizu5d3\files\output.log
2023-06-06 17:46:29,090 DEBUG   HandlerThread:27392 [handler.py:handle_request():144] handle_request: poll_exit
2023-06-06 17:46:30,444 INFO    SenderThread:27392 [sender.py:transition_state():626] send defer: 8
2023-06-06 17:46:30,444 DEBUG   SenderThread:27392 [sender.py:send_request():402] send_request: poll_exit
2023-06-06 17:46:30,444 DEBUG   HandlerThread:27392 [handler.py:handle_request():144] handle_request: defer
2023-06-06 17:46:30,444 INFO    HandlerThread:27392 [handler.py:handle_request_defer():170] handle defer: 8
2023-06-06 17:46:30,444 DEBUG   SenderThread:27392 [sender.py:send_request():402] send_request: defer
2023-06-06 17:46:30,444 INFO    SenderThread:27392 [sender.py:send_request_defer():622] handle sender defer: 8
2023-06-06 17:46:30,452 INFO    SenderThread:27392 [sender.py:transition_state():626] send defer: 9
2023-06-06 17:46:30,452 DEBUG   HandlerThread:27392 [handler.py:handle_request():144] handle_request: defer
2023-06-06 17:46:30,452 DEBUG   SenderThread:27392 [sender.py:send():375] send: artifact
2023-06-06 17:46:30,452 INFO    HandlerThread:27392 [handler.py:handle_request_defer():170] handle defer: 9
2023-06-06 17:46:31,060 INFO    Thread-18 :27392 [dir_watcher.py:_on_file_modified():295] file/dir modified: C:\Users\Emil WC\Bachelor\RL-SC2-bot\wandb\run-20230606_174500-isizu5d3\files\output.log
2023-06-06 17:46:32,871 INFO    wandb-upload_1:27392 [upload_job.py:push():95] Uploaded file C:\Users\Emil WC\AppData\Local\wandb\wandb\artifacts\staging\tmpura3zgnz
2023-06-06 17:46:32,871 INFO    wandb-upload_0:27392 [upload_job.py:push():95] Uploaded file C:\Users\Emil WC\AppData\Local\wandb\wandb\artifacts\staging\tmpwbzlrz8t
2023-06-06 17:46:34,129 DEBUG   HandlerThread:27392 [handler.py:handle_request():144] handle_request: keepalive
2023-06-06 17:46:39,183 DEBUG   HandlerThread:27392 [handler.py:handle_request():144] handle_request: keepalive
2023-06-06 17:46:41,456 INFO    SenderThread:27392 [sender.py:send_artifact():1474] sent artifact job-https___github.com_AlienLime_RL-SC2-bot.git_QueueEnv.py - {'id': 'QXJ0aWZhY3Q6NDc5MDcxMDkz', 'digest': '8fa83719df0a2c7b4d62d06c4dc190b5', 'state': 'PENDING', 'aliases': [], 'artifactSequence': {'id': 'QXJ0aWZhY3RDb2xsZWN0aW9uOjc0NzQyMjgz', 'latestArtifact': None}, 'version': 'latest'}
2023-06-06 17:46:41,456 DEBUG   SenderThread:27392 [sender.py:send_request():402] send_request: defer
2023-06-06 17:46:41,456 DEBUG   HandlerThread:27392 [handler.py:handle_request():144] handle_request: status_report
2023-06-06 17:46:41,456 INFO    SenderThread:27392 [sender.py:send_request_defer():622] handle sender defer: 9
2023-06-06 17:46:41,457 INFO    SenderThread:27392 [dir_watcher.py:finish():365] shutting down directory watcher
2023-06-06 17:46:42,172 INFO    SenderThread:27392 [dir_watcher.py:finish():395] scan: C:\Users\Emil WC\Bachelor\RL-SC2-bot\wandb\run-20230606_174500-isizu5d3\files
2023-06-06 17:46:42,173 INFO    SenderThread:27392 [dir_watcher.py:finish():409] scan save: C:\Users\Emil WC\Bachelor\RL-SC2-bot\wandb\run-20230606_174500-isizu5d3\files\config.yaml config.yaml
2023-06-06 17:46:42,175 INFO    SenderThread:27392 [dir_watcher.py:finish():409] scan save: C:\Users\Emil WC\Bachelor\RL-SC2-bot\wandb\run-20230606_174500-isizu5d3\files\output.log output.log
2023-06-06 17:46:42,182 INFO    SenderThread:27392 [dir_watcher.py:finish():409] scan save: C:\Users\Emil WC\Bachelor\RL-SC2-bot\wandb\run-20230606_174500-isizu5d3\files\requirements.txt requirements.txt
2023-06-06 17:46:42,188 INFO    SenderThread:27392 [dir_watcher.py:finish():409] scan save: C:\Users\Emil WC\Bachelor\RL-SC2-bot\wandb\run-20230606_174500-isizu5d3\files\wandb-metadata.json wandb-metadata.json
2023-06-06 17:46:42,188 INFO    SenderThread:27392 [dir_watcher.py:finish():409] scan save: C:\Users\Emil WC\Bachelor\RL-SC2-bot\wandb\run-20230606_174500-isizu5d3\files\wandb-summary.json wandb-summary.json
2023-06-06 17:46:42,193 INFO    SenderThread:27392 [sender.py:transition_state():626] send defer: 10
2023-06-06 17:46:42,193 DEBUG   HandlerThread:27392 [handler.py:handle_request():144] handle_request: defer
2023-06-06 17:46:42,193 INFO    HandlerThread:27392 [handler.py:handle_request_defer():170] handle defer: 10
2023-06-06 17:46:42,193 DEBUG   SenderThread:27392 [sender.py:send_request():402] send_request: defer
2023-06-06 17:46:42,193 INFO    SenderThread:27392 [sender.py:send_request_defer():622] handle sender defer: 10
2023-06-06 17:46:42,195 INFO    SenderThread:27392 [file_pusher.py:finish():167] shutting down file pusher
2023-06-06 17:46:42,785 INFO    wandb-upload_1:27392 [upload_job.py:push():137] Uploaded file C:\Users\Emil WC\Bachelor\RL-SC2-bot\wandb\run-20230606_174500-isizu5d3\files\config.yaml
