2023-06-06 23:51:51,238 INFO    StreamThr :33452 [internal.py:wandb_internal():86] W&B internal server running at pid: 33452, started at: 2023-06-06 23:51:51.238587
2023-06-06 23:51:51,240 DEBUG   HandlerThread:33452 [handler.py:handle_request():144] handle_request: status
2023-06-06 23:51:51,243 INFO    WriterThread:33452 [datastore.py:open_for_write():85] open: C:\Users\Emil WC\Bachelor\RL-SC2-bot\wandb\run-20230606_235151-9tkz42ck\run-9tkz42ck.wandb
2023-06-06 23:51:51,243 DEBUG   SenderThread:33452 [sender.py:send():375] send: header
2023-06-06 23:51:51,306 DEBUG   SenderThread:33452 [sender.py:send():375] send: run
2023-06-06 23:51:51,856 DEBUG   HandlerThread:33452 [handler.py:handle_request():144] handle_request: check_version
2023-06-06 23:51:51,859 INFO    SenderThread:33452 [dir_watcher.py:__init__():219] watching files in: C:\Users\Emil WC\Bachelor\RL-SC2-bot\wandb\run-20230606_235151-9tkz42ck\files
2023-06-06 23:51:51,859 INFO    SenderThread:33452 [sender.py:_start_run_threads():1124] run started: 9tkz42ck with start time 1686088311.240584
2023-06-06 23:51:51,859 DEBUG   SenderThread:33452 [sender.py:send_request():402] send_request: summary_record
2023-06-06 23:51:51,859 INFO    SenderThread:33452 [sender.py:_save_file():1378] saving file wandb-summary.json with policy end
2023-06-06 23:51:51,859 DEBUG   SenderThread:33452 [sender.py:send_request():402] send_request: check_version
2023-06-06 23:51:52,865 INFO    Thread-16 :33452 [dir_watcher.py:_on_file_created():278] file/dir created: C:\Users\Emil WC\Bachelor\RL-SC2-bot\wandb\run-20230606_235151-9tkz42ck\files\wandb-summary.json
2023-06-06 23:51:53,195 DEBUG   HandlerThread:33452 [handler.py:handle_request():144] handle_request: run_start
2023-06-06 23:51:53,213 DEBUG   HandlerThread:33452 [system_info.py:__init__():31] System info init
2023-06-06 23:51:53,213 DEBUG   HandlerThread:33452 [system_info.py:__init__():46] System info init done
2023-06-06 23:51:53,213 INFO    HandlerThread:33452 [system_monitor.py:start():181] Starting system monitor
2023-06-06 23:51:53,214 INFO    SystemMonitor:33452 [system_monitor.py:_start():145] Starting system asset monitoring threads
2023-06-06 23:51:53,214 INFO    HandlerThread:33452 [system_monitor.py:probe():201] Collecting system info
2023-06-06 23:51:53,217 INFO    SystemMonitor:33452 [interfaces.py:start():190] Started cpu monitoring
2023-06-06 23:51:53,217 INFO    SystemMonitor:33452 [interfaces.py:start():190] Started disk monitoring
2023-06-06 23:51:53,218 INFO    SystemMonitor:33452 [interfaces.py:start():190] Started gpu monitoring
2023-06-06 23:51:53,224 INFO    SystemMonitor:33452 [interfaces.py:start():190] Started memory monitoring
2023-06-06 23:51:53,232 INFO    SystemMonitor:33452 [interfaces.py:start():190] Started network monitoring
2023-06-06 23:51:53,241 DEBUG   HandlerThread:33452 [system_info.py:probe():195] Probing system
2023-06-06 23:51:53,242 DEBUG   HandlerThread:33452 [system_info.py:_probe_git():180] Probing git
2023-06-06 23:51:53,333 DEBUG   HandlerThread:33452 [system_info.py:_probe_git():188] Probing git done
2023-06-06 23:51:53,333 DEBUG   HandlerThread:33452 [system_info.py:probe():240] Probing system done
2023-06-06 23:51:53,333 DEBUG   HandlerThread:33452 [system_monitor.py:probe():210] {'os': 'Windows-10-10.0.22621-SP0', 'python': '3.10.10', 'heartbeatAt': '2023-06-06T21:51:53.241306', 'startedAt': '2023-06-06T21:51:51.229252', 'docker': None, 'cuda': None, 'args': (), 'state': 'running', 'program': 'c:\\Users\\Emil WC\\Bachelor\\RL-SC2-bot\\QueueEnv.py', 'codePath': 'QueueEnv.py', 'git': {'remote': 'https://github.com/AlienLime/RL-SC2-bot.git', 'commit': '353a155af0cf7fcc940d93bcadff87e8abf94602'}, 'email': 'emil@np12.dk', 'root': 'C:/Users/Emil WC/Bachelor/RL-SC2-bot', 'host': 'DESKTOP-C36C3C6', 'username': 'Emil WC', 'executable': 'C:\\Users\\Emil WC\\AppData\\Local\\Programs\\Python\\Python310\\python.exe', 'cpu_count': 8, 'cpu_count_logical': 16, 'cpu_freq': {'current': 2904.0, 'min': 0.0, 'max': 2904.0}, 'cpu_freq_per_core': [{'current': 2904.0, 'min': 0.0, 'max': 2904.0}], 'disk': {'total': 930.5849571228027, 'used': 668.4440879821777}, 'gpu': 'NVIDIA GeForce GTX 1660 SUPER', 'gpu_count': 1, 'gpu_devices': [{'name': 'NVIDIA GeForce GTX 1660 SUPER', 'memory_total': 6442450944}], 'memory': {'total': 15.856761932373047}}
2023-06-06 23:51:53,333 INFO    HandlerThread:33452 [system_monitor.py:probe():211] Finished collecting system info
2023-06-06 23:51:53,334 INFO    HandlerThread:33452 [system_monitor.py:probe():214] Publishing system info
2023-06-06 23:51:53,334 DEBUG   HandlerThread:33452 [system_info.py:_save_pip():51] Saving list of pip packages installed into the current environment
2023-06-06 23:51:53,334 DEBUG   HandlerThread:33452 [system_info.py:_save_pip():67] Saving pip packages done
2023-06-06 23:51:53,335 INFO    HandlerThread:33452 [system_monitor.py:probe():216] Finished publishing system info
2023-06-06 23:51:53,341 DEBUG   SenderThread:33452 [sender.py:send():375] send: files
2023-06-06 23:51:53,342 INFO    SenderThread:33452 [sender.py:_save_file():1378] saving file wandb-metadata.json with policy now
2023-06-06 23:51:53,346 DEBUG   HandlerThread:33452 [handler.py:handle_request():144] handle_request: stop_status
2023-06-06 23:51:53,348 DEBUG   SenderThread:33452 [sender.py:send_request():402] send_request: stop_status
2023-06-06 23:51:53,711 DEBUG   SenderThread:33452 [sender.py:send():375] send: telemetry
2023-06-06 23:51:53,872 INFO    Thread-16 :33452 [dir_watcher.py:_on_file_created():278] file/dir created: C:\Users\Emil WC\Bachelor\RL-SC2-bot\wandb\run-20230606_235151-9tkz42ck\files\wandb-metadata.json
2023-06-06 23:51:53,872 INFO    Thread-16 :33452 [dir_watcher.py:_on_file_created():278] file/dir created: C:\Users\Emil WC\Bachelor\RL-SC2-bot\wandb\run-20230606_235151-9tkz42ck\files\requirements.txt
2023-06-06 23:51:54,400 INFO    wandb-upload_0:33452 [upload_job.py:push():137] Uploaded file C:\Users\EMILWC~1\AppData\Local\Temp\tmpjqeljar2wandb\0twhagcz-wandb-metadata.json
2023-06-06 23:51:55,889 INFO    Thread-16 :33452 [dir_watcher.py:_on_file_created():278] file/dir created: C:\Users\Emil WC\Bachelor\RL-SC2-bot\wandb\run-20230606_235151-9tkz42ck\files\output.log
2023-06-06 23:51:56,526 DEBUG   HandlerThread:33452 [handler.py:handle_request():144] handle_request: status_report
2023-06-06 23:51:57,911 INFO    Thread-16 :33452 [dir_watcher.py:_on_file_modified():295] file/dir modified: C:\Users\Emil WC\Bachelor\RL-SC2-bot\wandb\run-20230606_235151-9tkz42ck\files\output.log
2023-06-06 23:52:01,590 DEBUG   HandlerThread:33452 [handler.py:handle_request():144] handle_request: status_report
2023-06-06 23:52:03,973 INFO    Thread-16 :33452 [dir_watcher.py:_on_file_modified():295] file/dir modified: C:\Users\Emil WC\Bachelor\RL-SC2-bot\wandb\run-20230606_235151-9tkz42ck\files\output.log
2023-06-06 23:52:06,939 DEBUG   HandlerThread:33452 [handler.py:handle_request():144] handle_request: status_report
2023-06-06 23:52:07,995 INFO    Thread-16 :33452 [dir_watcher.py:_on_file_modified():295] file/dir modified: C:\Users\Emil WC\Bachelor\RL-SC2-bot\wandb\run-20230606_235151-9tkz42ck\files\output.log
2023-06-06 23:52:08,354 DEBUG   HandlerThread:33452 [handler.py:handle_request():144] handle_request: stop_status
2023-06-06 23:52:08,354 DEBUG   SenderThread:33452 [sender.py:send_request():402] send_request: stop_status
2023-06-06 23:52:11,985 DEBUG   HandlerThread:33452 [handler.py:handle_request():144] handle_request: status_report
2023-06-06 23:52:14,048 INFO    Thread-16 :33452 [dir_watcher.py:_on_file_modified():295] file/dir modified: C:\Users\Emil WC\Bachelor\RL-SC2-bot\wandb\run-20230606_235151-9tkz42ck\files\output.log
2023-06-06 23:52:16,066 INFO    Thread-16 :33452 [dir_watcher.py:_on_file_modified():295] file/dir modified: C:\Users\Emil WC\Bachelor\RL-SC2-bot\wandb\run-20230606_235151-9tkz42ck\files\output.log
2023-06-06 23:52:17,963 DEBUG   HandlerThread:33452 [handler.py:handle_request():144] handle_request: status_report
2023-06-06 23:52:18,072 INFO    Thread-16 :33452 [dir_watcher.py:_on_file_modified():295] file/dir modified: C:\Users\Emil WC\Bachelor\RL-SC2-bot\wandb\run-20230606_235151-9tkz42ck\files\output.log
2023-06-06 23:52:22,109 INFO    Thread-16 :33452 [dir_watcher.py:_on_file_modified():295] file/dir modified: C:\Users\Emil WC\Bachelor\RL-SC2-bot\wandb\run-20230606_235151-9tkz42ck\files\output.log
2023-06-06 23:52:23,351 DEBUG   HandlerThread:33452 [handler.py:handle_request():144] handle_request: stop_status
2023-06-06 23:52:23,351 DEBUG   SenderThread:33452 [sender.py:send_request():402] send_request: stop_status
2023-06-06 23:52:23,595 DEBUG   HandlerThread:33452 [handler.py:handle_request():144] handle_request: status_report
2023-06-06 23:52:24,123 INFO    Thread-16 :33452 [dir_watcher.py:_on_file_modified():295] file/dir modified: C:\Users\Emil WC\Bachelor\RL-SC2-bot\wandb\run-20230606_235151-9tkz42ck\files\config.yaml
2023-06-06 23:52:26,141 INFO    Thread-16 :33452 [dir_watcher.py:_on_file_modified():295] file/dir modified: C:\Users\Emil WC\Bachelor\RL-SC2-bot\wandb\run-20230606_235151-9tkz42ck\files\output.log
2023-06-06 23:52:28,889 DEBUG   HandlerThread:33452 [handler.py:handle_request():144] handle_request: status_report
2023-06-06 23:52:30,169 INFO    Thread-16 :33452 [dir_watcher.py:_on_file_modified():295] file/dir modified: C:\Users\Emil WC\Bachelor\RL-SC2-bot\wandb\run-20230606_235151-9tkz42ck\files\output.log
2023-06-06 23:52:33,967 DEBUG   HandlerThread:33452 [handler.py:handle_request():144] handle_request: status_report
2023-06-06 23:52:34,192 INFO    Thread-16 :33452 [dir_watcher.py:_on_file_modified():295] file/dir modified: C:\Users\Emil WC\Bachelor\RL-SC2-bot\wandb\run-20230606_235151-9tkz42ck\files\output.log
2023-06-06 23:52:36,197 INFO    Thread-16 :33452 [dir_watcher.py:_on_file_modified():295] file/dir modified: C:\Users\Emil WC\Bachelor\RL-SC2-bot\wandb\run-20230606_235151-9tkz42ck\files\output.log
2023-06-06 23:52:38,349 DEBUG   HandlerThread:33452 [handler.py:handle_request():144] handle_request: stop_status
2023-06-06 23:52:38,349 DEBUG   SenderThread:33452 [sender.py:send_request():402] send_request: stop_status
2023-06-06 23:52:39,078 DEBUG   HandlerThread:33452 [handler.py:handle_request():144] handle_request: status_report
2023-06-06 23:52:40,252 INFO    Thread-16 :33452 [dir_watcher.py:_on_file_modified():295] file/dir modified: C:\Users\Emil WC\Bachelor\RL-SC2-bot\wandb\run-20230606_235151-9tkz42ck\files\output.log
2023-06-06 23:52:44,096 DEBUG   HandlerThread:33452 [handler.py:handle_request():144] handle_request: status_report
2023-06-06 23:52:49,120 DEBUG   HandlerThread:33452 [handler.py:handle_request():144] handle_request: status_report
2023-06-06 23:52:52,321 INFO    Thread-16 :33452 [dir_watcher.py:_on_file_modified():295] file/dir modified: C:\Users\Emil WC\Bachelor\RL-SC2-bot\wandb\run-20230606_235151-9tkz42ck\files\output.log
2023-06-06 23:52:53,239 DEBUG   SystemMonitor:33452 [system_monitor.py:_start():159] Starting system metrics aggregation loop
2023-06-06 23:52:53,242 DEBUG   SenderThread:33452 [sender.py:send():375] send: stats
2023-06-06 23:52:53,363 DEBUG   HandlerThread:33452 [handler.py:handle_request():144] handle_request: stop_status
2023-06-06 23:52:53,363 DEBUG   SenderThread:33452 [sender.py:send_request():402] send_request: stop_status
2023-06-06 23:52:58,408 DEBUG   HandlerThread:33452 [handler.py:handle_request():144] handle_request: keepalive
2023-06-06 23:53:03,434 DEBUG   HandlerThread:33452 [handler.py:handle_request():144] handle_request: keepalive
2023-06-06 23:53:06,665 INFO    SenderThread:33452 [retry.py:__call__():172] Retry attempt failed:
Traceback (most recent call last):
  File "C:\Users\Emil WC\AppData\Local\Programs\Python\Python310\lib\site-packages\urllib3\connection.py", line 174, in _new_conn
    conn = connection.create_connection(
  File "C:\Users\Emil WC\AppData\Local\Programs\Python\Python310\lib\site-packages\urllib3\util\connection.py", line 72, in create_connection
    for res in socket.getaddrinfo(host, port, family, socket.SOCK_STREAM):
  File "C:\Users\Emil WC\AppData\Local\Programs\Python\Python310\lib\socket.py", line 955, in getaddrinfo
    for res in _socket.getaddrinfo(host, port, family, type, proto, flags):
socket.gaierror: [Errno 11001] getaddrinfo failed

During handling of the above exception, another exception occurred:

Traceback (most recent call last):
  File "C:\Users\Emil WC\AppData\Local\Programs\Python\Python310\lib\site-packages\urllib3\connectionpool.py", line 714, in urlopen
    httplib_response = self._make_request(
  File "C:\Users\Emil WC\AppData\Local\Programs\Python\Python310\lib\site-packages\urllib3\connectionpool.py", line 403, in _make_request
    self._validate_conn(conn)
  File "C:\Users\Emil WC\AppData\Local\Programs\Python\Python310\lib\site-packages\urllib3\connectionpool.py", line 1053, in _validate_conn
    conn.connect()
  File "C:\Users\Emil WC\AppData\Local\Programs\Python\Python310\lib\site-packages\urllib3\connection.py", line 363, in connect
    self.sock = conn = self._new_conn()
  File "C:\Users\Emil WC\AppData\Local\Programs\Python\Python310\lib\site-packages\urllib3\connection.py", line 186, in _new_conn
    raise NewConnectionError(
urllib3.exceptions.NewConnectionError: <urllib3.connection.HTTPSConnection object at 0x0000027C5E8F7130>: Failed to establish a new connection: [Errno 11001] getaddrinfo failed

During handling of the above exception, another exception occurred:

Traceback (most recent call last):
  File "C:\Users\Emil WC\AppData\Local\Programs\Python\Python310\lib\site-packages\requests\adapters.py", line 486, in send
    resp = conn.urlopen(
  File "C:\Users\Emil WC\AppData\Local\Programs\Python\Python310\lib\site-packages\urllib3\connectionpool.py", line 798, in urlopen
    retries = retries.increment(
  File "C:\Users\Emil WC\AppData\Local\Programs\Python\Python310\lib\site-packages\urllib3\util\retry.py", line 592, in increment
    raise MaxRetryError(_pool, url, error or ResponseError(cause))
urllib3.exceptions.MaxRetryError: HTTPSConnectionPool(host='api.wandb.ai', port=443): Max retries exceeded with url: /graphql (Caused by NewConnectionError('<urllib3.connection.HTTPSConnection object at 0x0000027C5E8F7130>: Failed to establish a new connection: [Errno 11001] getaddrinfo failed'))

During handling of the above exception, another exception occurred:

Traceback (most recent call last):
  File "C:\Users\Emil WC\AppData\Local\Programs\Python\Python310\lib\site-packages\wandb\sdk\lib\retry.py", line 131, in __call__
    result = self._call_fn(*args, **kwargs)
  File "C:\Users\Emil WC\AppData\Local\Programs\Python\Python310\lib\site-packages\wandb\sdk\internal\internal_api.py", line 285, in execute
    return self.client.execute(*args, **kwargs)  # type: ignore
  File "C:\Users\Emil WC\AppData\Local\Programs\Python\Python310\lib\site-packages\wandb\vendor\gql-0.2.0\wandb_gql\client.py", line 52, in execute
    result = self._get_result(document, *args, **kwargs)
  File "C:\Users\Emil WC\AppData\Local\Programs\Python\Python310\lib\site-packages\wandb\vendor\gql-0.2.0\wandb_gql\client.py", line 60, in _get_result
    return self.transport.execute(document, *args, **kwargs)
  File "C:\Users\Emil WC\AppData\Local\Programs\Python\Python310\lib\site-packages\wandb\sdk\lib\gql_request.py", line 55, in execute
    request = self.session.post(self.url, **post_args)
  File "C:\Users\Emil WC\AppData\Local\Programs\Python\Python310\lib\site-packages\requests\sessions.py", line 637, in post
    return self.request("POST", url, data=data, json=json, **kwargs)
  File "C:\Users\Emil WC\AppData\Local\Programs\Python\Python310\lib\site-packages\requests\sessions.py", line 589, in request
    resp = self.send(prep, **send_kwargs)
  File "C:\Users\Emil WC\AppData\Local\Programs\Python\Python310\lib\site-packages\requests\sessions.py", line 703, in send
    r = adapter.send(request, **kwargs)
  File "C:\Users\Emil WC\AppData\Local\Programs\Python\Python310\lib\site-packages\requests\adapters.py", line 519, in send
    raise ConnectionError(e, request=request)
requests.exceptions.ConnectionError: HTTPSConnectionPool(host='api.wandb.ai', port=443): Max retries exceeded with url: /graphql (Caused by NewConnectionError('<urllib3.connection.HTTPSConnection object at 0x0000027C5E8F7130>: Failed to establish a new connection: [Errno 11001] getaddrinfo failed'))
2023-06-06 23:53:11,251 DEBUG   HandlerThread:33452 [handler.py:handle_request():144] handle_request: status_report
2023-06-06 23:53:12,474 INFO    Thread-16 :33452 [dir_watcher.py:_on_file_modified():295] file/dir modified: C:\Users\Emil WC\Bachelor\RL-SC2-bot\wandb\run-20230606_235151-9tkz42ck\files\output.log
2023-06-06 23:53:13,510 DEBUG   HandlerThread:33452 [handler.py:handle_request():144] handle_request: keepalive
2023-06-06 23:53:14,491 INFO    Thread-16 :33452 [dir_watcher.py:_on_file_modified():295] file/dir modified: C:\Users\Emil WC\Bachelor\RL-SC2-bot\wandb\run-20230606_235151-9tkz42ck\files\output.log
2023-06-06 23:53:16,324 DEBUG   HandlerThread:33452 [handler.py:handle_request():144] handle_request: status_report
2023-06-06 23:53:16,503 INFO    Thread-16 :33452 [dir_watcher.py:_on_file_modified():295] file/dir modified: C:\Users\Emil WC\Bachelor\RL-SC2-bot\wandb\run-20230606_235151-9tkz42ck\files\output.log
2023-06-06 23:53:18,519 INFO    Thread-16 :33452 [dir_watcher.py:_on_file_modified():295] file/dir modified: C:\Users\Emil WC\Bachelor\RL-SC2-bot\wandb\run-20230606_235151-9tkz42ck\files\output.log
2023-06-06 23:53:18,550 DEBUG   HandlerThread:33452 [handler.py:handle_request():144] handle_request: keepalive
2023-06-06 23:53:20,540 INFO    Thread-16 :33452 [dir_watcher.py:_on_file_modified():295] file/dir modified: C:\Users\Emil WC\Bachelor\RL-SC2-bot\wandb\run-20230606_235151-9tkz42ck\files\output.log
2023-06-06 23:53:20,628 DEBUG   SenderThread:33452 [sender.py:send():375] send: exit
2023-06-06 23:53:20,628 INFO    SenderThread:33452 [sender.py:send_exit():598] handling exit code: 1
2023-06-06 23:53:20,628 INFO    SenderThread:33452 [sender.py:send_exit():600] handling runtime: 87
2023-06-06 23:53:20,630 INFO    SenderThread:33452 [sender.py:_save_file():1378] saving file wandb-summary.json with policy end
2023-06-06 23:53:20,630 INFO    SenderThread:33452 [sender.py:send_exit():606] send defer
2023-06-06 23:53:20,630 DEBUG   HandlerThread:33452 [handler.py:handle_request():144] handle_request: defer
2023-06-06 23:53:20,630 INFO    HandlerThread:33452 [handler.py:handle_request_defer():170] handle defer: 0
2023-06-06 23:53:20,630 DEBUG   SenderThread:33452 [sender.py:send_request():402] send_request: defer
2023-06-06 23:53:20,630 INFO    SenderThread:33452 [sender.py:send_request_defer():622] handle sender defer: 0
2023-06-06 23:53:20,630 INFO    SenderThread:33452 [sender.py:transition_state():626] send defer: 1
2023-06-06 23:53:20,630 DEBUG   HandlerThread:33452 [handler.py:handle_request():144] handle_request: defer
2023-06-06 23:53:20,631 INFO    HandlerThread:33452 [handler.py:handle_request_defer():170] handle defer: 1
2023-06-06 23:53:20,631 DEBUG   SenderThread:33452 [sender.py:send_request():402] send_request: defer
2023-06-06 23:53:20,631 INFO    SenderThread:33452 [sender.py:send_request_defer():622] handle sender defer: 1
2023-06-06 23:53:20,631 INFO    SenderThread:33452 [sender.py:transition_state():626] send defer: 2
2023-06-06 23:53:20,631 DEBUG   HandlerThread:33452 [handler.py:handle_request():144] handle_request: defer
2023-06-06 23:53:20,631 INFO    HandlerThread:33452 [handler.py:handle_request_defer():170] handle defer: 2
2023-06-06 23:53:20,631 INFO    HandlerThread:33452 [system_monitor.py:finish():190] Stopping system monitor
2023-06-06 23:53:20,631 DEBUG   SystemMonitor:33452 [system_monitor.py:_start():166] Finished system metrics aggregation loop
2023-06-06 23:53:20,631 DEBUG   SystemMonitor:33452 [system_monitor.py:_start():170] Publishing last batch of metrics
2023-06-06 23:53:20,632 INFO    HandlerThread:33452 [interfaces.py:finish():202] Joined cpu monitor
2023-06-06 23:53:20,639 INFO    HandlerThread:33452 [interfaces.py:finish():202] Joined disk monitor
2023-06-06 23:53:20,682 INFO    HandlerThread:33452 [interfaces.py:finish():202] Joined gpu monitor
2023-06-06 23:53:20,683 INFO    HandlerThread:33452 [interfaces.py:finish():202] Joined memory monitor
2023-06-06 23:53:20,683 INFO    HandlerThread:33452 [interfaces.py:finish():202] Joined network monitor
2023-06-06 23:53:20,683 DEBUG   SenderThread:33452 [sender.py:send_request():402] send_request: defer
2023-06-06 23:53:20,683 INFO    SenderThread:33452 [sender.py:send_request_defer():622] handle sender defer: 2
2023-06-06 23:53:20,683 INFO    SenderThread:33452 [sender.py:transition_state():626] send defer: 3
2023-06-06 23:53:20,683 DEBUG   SenderThread:33452 [sender.py:send():375] send: stats
2023-06-06 23:53:20,683 DEBUG   HandlerThread:33452 [handler.py:handle_request():144] handle_request: defer
2023-06-06 23:53:20,684 INFO    HandlerThread:33452 [handler.py:handle_request_defer():170] handle defer: 3
2023-06-06 23:53:20,684 DEBUG   SenderThread:33452 [sender.py:send_request():402] send_request: defer
2023-06-06 23:53:20,684 INFO    SenderThread:33452 [sender.py:send_request_defer():622] handle sender defer: 3
2023-06-06 23:53:20,684 INFO    SenderThread:33452 [sender.py:transition_state():626] send defer: 4
2023-06-06 23:53:20,684 DEBUG   HandlerThread:33452 [handler.py:handle_request():144] handle_request: defer
2023-06-06 23:53:20,684 INFO    HandlerThread:33452 [handler.py:handle_request_defer():170] handle defer: 4
2023-06-06 23:53:20,684 DEBUG   SenderThread:33452 [sender.py:send_request():402] send_request: defer
2023-06-06 23:53:20,684 INFO    SenderThread:33452 [sender.py:send_request_defer():622] handle sender defer: 4
2023-06-06 23:53:20,684 INFO    SenderThread:33452 [sender.py:transition_state():626] send defer: 5
2023-06-06 23:53:20,685 DEBUG   HandlerThread:33452 [handler.py:handle_request():144] handle_request: defer
2023-06-06 23:53:20,685 INFO    HandlerThread:33452 [handler.py:handle_request_defer():170] handle defer: 5
2023-06-06 23:53:20,685 DEBUG   SenderThread:33452 [sender.py:send():375] send: summary
2023-06-06 23:53:20,685 INFO    SenderThread:33452 [sender.py:_save_file():1378] saving file wandb-summary.json with policy end
2023-06-06 23:53:20,685 DEBUG   SenderThread:33452 [sender.py:send_request():402] send_request: defer
2023-06-06 23:53:20,685 INFO    SenderThread:33452 [sender.py:send_request_defer():622] handle sender defer: 5
2023-06-06 23:53:20,685 INFO    SenderThread:33452 [sender.py:transition_state():626] send defer: 6
2023-06-06 23:53:20,686 DEBUG   HandlerThread:33452 [handler.py:handle_request():144] handle_request: defer
2023-06-06 23:53:20,686 INFO    HandlerThread:33452 [handler.py:handle_request_defer():170] handle defer: 6
2023-06-06 23:53:20,686 DEBUG   SenderThread:33452 [sender.py:send_request():402] send_request: defer
2023-06-06 23:53:20,686 INFO    SenderThread:33452 [sender.py:send_request_defer():622] handle sender defer: 6
2023-06-06 23:53:20,686 INFO    SenderThread:33452 [sender.py:transition_state():626] send defer: 7
2023-06-06 23:53:20,686 DEBUG   HandlerThread:33452 [handler.py:handle_request():144] handle_request: status_report
2023-06-06 23:53:20,686 DEBUG   HandlerThread:33452 [handler.py:handle_request():144] handle_request: defer
2023-06-06 23:53:20,686 INFO    HandlerThread:33452 [handler.py:handle_request_defer():170] handle defer: 7
2023-06-06 23:53:20,686 DEBUG   SenderThread:33452 [sender.py:send_request():402] send_request: defer
2023-06-06 23:53:20,686 INFO    SenderThread:33452 [sender.py:send_request_defer():622] handle sender defer: 7
2023-06-06 23:53:21,545 INFO    Thread-16 :33452 [dir_watcher.py:_on_file_modified():295] file/dir modified: C:\Users\Emil WC\Bachelor\RL-SC2-bot\wandb\run-20230606_235151-9tkz42ck\files\wandb-summary.json
2023-06-06 23:53:22,476 INFO    SenderThread:33452 [sender.py:transition_state():626] send defer: 8
2023-06-06 23:53:22,478 DEBUG   HandlerThread:33452 [handler.py:handle_request():144] handle_request: defer
2023-06-06 23:53:22,478 INFO    HandlerThread:33452 [handler.py:handle_request_defer():170] handle defer: 8
2023-06-06 23:53:22,478 DEBUG   SenderThread:33452 [sender.py:send_request():402] send_request: defer
2023-06-06 23:53:22,478 INFO    SenderThread:33452 [sender.py:send_request_defer():622] handle sender defer: 8
2023-06-06 23:53:22,486 INFO    SenderThread:33452 [sender.py:transition_state():626] send defer: 9
2023-06-06 23:53:22,486 DEBUG   HandlerThread:33452 [handler.py:handle_request():144] handle_request: defer
2023-06-06 23:53:22,486 DEBUG   SenderThread:33452 [sender.py:send():375] send: artifact
2023-06-06 23:53:22,486 INFO    HandlerThread:33452 [handler.py:handle_request_defer():170] handle defer: 9
2023-06-06 23:53:22,554 INFO    Thread-16 :33452 [dir_watcher.py:_on_file_modified():295] file/dir modified: C:\Users\Emil WC\Bachelor\RL-SC2-bot\wandb\run-20230606_235151-9tkz42ck\files\output.log
